c:\berkan\visualstudio\schematic_engine\release\vc142.pdb
c:\berkan\visualstudio\schematic_engine\release\schematic_engine.obj
c:\berkan\visualstudio\schematic_engine\release\interaction.obj
c:\berkan\visualstudio\schematic_engine\release\processchematic.obj
c:\berkan\visualstudio\schematic_engine\release\filehandler.obj
c:\berkan\visualstudio\schematic_engine\release\schematic_engine.exe
c:\berkan\visualstudio\schematic_engine\release\schematic_engine.pdb
c:\berkan\visualstudio\schematic_engine\release\schematic_engine.res
c:\berkan\visualstudio\schematic_engine\release\schematic_engine.ipdb
c:\berkan\visualstudio\schematic_engine\release\schematic_engine.iobj
c:\berkan\visualstudio\schematic_engine\release\schematic_engine.tlog\cl.command.1.tlog
c:\berkan\visualstudio\schematic_engine\release\schematic_engine.tlog\cl.read.1.tlog
c:\berkan\visualstudio\schematic_engine\release\schematic_engine.tlog\cl.write.1.tlog
c:\berkan\visualstudio\schematic_engine\release\schematic_engine.tlog\link.command.1.tlog
c:\berkan\visualstudio\schematic_engine\release\schematic_engine.tlog\link.read.1.tlog
c:\berkan\visualstudio\schematic_engine\release\schematic_engine.tlog\link.write.1.tlog
c:\berkan\visualstudio\schematic_engine\release\schematic_engine.tlog\rc.command.1.tlog
c:\berkan\visualstudio\schematic_engine\release\schematic_engine.tlog\rc.read.1.tlog
c:\berkan\visualstudio\schematic_engine\release\schematic_engine.tlog\rc.write.1.tlog
c:\berkan\visualstudio\schematic_engine\release\schematic_engine.tlog\schematic_engine.write.1u.tlog
