  processchematic.cpp
C:\Berkan\VisualStudio\schematic_engine\schem.h(28,1): warning C4005: 'MICRO': macro redefinition
C:\Berkan\VisualStudio\schematic_engine\schem.h(23): message : see previous definition of 'MICRO'
C:\Berkan\VisualStudio\schematic_engine\processchematic.cpp(92,32): warning C4244: 'argument': conversion from 'int' to 'Gdiplus::REAL', possible loss of data
C:\Berkan\VisualStudio\schematic_engine\processchematic.cpp(110,79): warning C4244: 'argument': conversion from 'int' to 'Gdiplus::REAL', possible loss of data
C:\Berkan\VisualStudio\schematic_engine\processchematic.cpp(110,56): warning C4244: 'argument': conversion from 'int' to 'Gdiplus::REAL', possible loss of data
C:\Berkan\VisualStudio\schematic_engine\processchematic.cpp(114,84): warning C4244: 'argument': conversion from 'int' to 'Gdiplus::REAL', possible loss of data
C:\Berkan\VisualStudio\schematic_engine\processchematic.cpp(114,56): warning C4244: 'argument': conversion from 'int' to 'Gdiplus::REAL', possible loss of data
C:\Berkan\VisualStudio\schematic_engine\processchematic.cpp(122,70): warning C4244: 'argument': conversion from 'double' to 'Gdiplus::REAL', possible loss of data
C:\Berkan\VisualStudio\schematic_engine\processchematic.cpp(122,49): warning C4244: 'argument': conversion from 'double' to 'Gdiplus::REAL', possible loss of data
C:\Berkan\VisualStudio\schematic_engine\processchematic.cpp(127,70): warning C4244: 'argument': conversion from 'double' to 'Gdiplus::REAL', possible loss of data
C:\Berkan\VisualStudio\schematic_engine\processchematic.cpp(127,49): warning C4244: 'argument': conversion from 'double' to 'Gdiplus::REAL', possible loss of data
C:\Berkan\VisualStudio\schematic_engine\processchematic.cpp(208,55): warning C4244: 'argument': conversion from 'double' to 'float', possible loss of data
C:\Berkan\VisualStudio\schematic_engine\processchematic.cpp(208,39): warning C4244: 'argument': conversion from 'int' to 'float', possible loss of data
C:\Berkan\VisualStudio\schematic_engine\processchematic.cpp(214,45): warning C4244: 'argument': conversion from 'int' to 'float', possible loss of data
C:\Berkan\VisualStudio\schematic_engine\processchematic.cpp(214,39): warning C4244: 'argument': conversion from 'int' to 'float', possible loss of data
C:\Berkan\VisualStudio\schematic_engine\processchematic.cpp(220,42): warning C4244: 'argument': conversion from 'int' to 'float', possible loss of data
C:\Berkan\VisualStudio\schematic_engine\processchematic.cpp(226,63): warning C4305: 'argument': truncation from 'double' to 'float'
C:\Berkan\VisualStudio\schematic_engine\processchematic.cpp(226,45): warning C4244: 'argument': conversion from 'int' to 'float', possible loss of data
C:\Berkan\VisualStudio\schematic_engine\processchematic.cpp(226,39): warning C4244: 'argument': conversion from 'int' to 'float', possible loss of data
C:\Berkan\VisualStudio\schematic_engine\processchematic.cpp(232,55): warning C4244: 'argument': conversion from 'double' to 'float', possible loss of data
C:\Berkan\VisualStudio\schematic_engine\processchematic.cpp(232,39): warning C4244: 'argument': conversion from 'int' to 'float', possible loss of data
C:\Berkan\VisualStudio\schematic_engine\processchematic.cpp(238,63): warning C4305: 'argument': truncation from 'double' to 'float'
C:\Berkan\VisualStudio\schematic_engine\processchematic.cpp(238,45): warning C4244: 'argument': conversion from 'int' to 'float', possible loss of data
C:\Berkan\VisualStudio\schematic_engine\processchematic.cpp(238,39): warning C4244: 'argument': conversion from 'int' to 'float', possible loss of data
C:\Berkan\VisualStudio\schematic_engine\processchematic.cpp(244,39): warning C4244: 'argument': conversion from 'int' to 'float', possible loss of data
C:\Berkan\VisualStudio\schematic_engine\processchematic.cpp(250,55): warning C4244: 'argument': conversion from 'int' to 'float', possible loss of data
C:\Berkan\VisualStudio\schematic_engine\processchematic.cpp(250,39): warning C4244: 'argument': conversion from 'int' to 'float', possible loss of data
C:\Berkan\VisualStudio\schematic_engine\processchematic.cpp(256,55): warning C4244: 'argument': conversion from 'int' to 'float', possible loss of data
C:\Berkan\VisualStudio\schematic_engine\processchematic.cpp(256,39): warning C4244: 'argument': conversion from 'int' to 'float', possible loss of data
C:\Berkan\VisualStudio\schematic_engine\processchematic.cpp(262,55): warning C4244: 'argument': conversion from 'int' to 'float', possible loss of data
C:\Berkan\VisualStudio\schematic_engine\processchematic.cpp(262,39): warning C4244: 'argument': conversion from 'int' to 'float', possible loss of data
C:\Berkan\VisualStudio\schematic_engine\processchematic.cpp(268,70): warning C4305: 'argument': truncation from 'double' to 'float'
C:\Berkan\VisualStudio\schematic_engine\processchematic.cpp(268,55): warning C4244: 'argument': conversion from 'int' to 'float', possible loss of data
C:\Berkan\VisualStudio\schematic_engine\processchematic.cpp(268,39): warning C4244: 'argument': conversion from 'int' to 'float', possible loss of data
C:\Berkan\VisualStudio\schematic_engine\processchematic.cpp(274,68): warning C4305: 'argument': truncation from 'double' to 'float'
C:\Berkan\VisualStudio\schematic_engine\processchematic.cpp(274,55): warning C4244: 'argument': conversion from 'int' to 'float', possible loss of data
C:\Berkan\VisualStudio\schematic_engine\processchematic.cpp(274,39): warning C4244: 'argument': conversion from 'int' to 'float', possible loss of data
C:\Berkan\VisualStudio\schematic_engine\processchematic.cpp(280,67): warning C4305: 'argument': truncation from 'double' to 'float'
C:\Berkan\VisualStudio\schematic_engine\processchematic.cpp(280,55): warning C4244: 'argument': conversion from 'int' to 'float', possible loss of data
C:\Berkan\VisualStudio\schematic_engine\processchematic.cpp(280,39): warning C4244: 'argument': conversion from 'int' to 'float', possible loss of data
C:\Berkan\VisualStudio\schematic_engine\processchematic.cpp(286,83): warning C4305: 'argument': truncation from 'double' to 'float'
C:\Berkan\VisualStudio\schematic_engine\processchematic.cpp(286,68): warning C4244: 'argument': conversion from 'int' to 'float', possible loss of data
C:\Berkan\VisualStudio\schematic_engine\processchematic.cpp(286,43): warning C4244: 'argument': conversion from 'int' to 'float', possible loss of data
C:\Berkan\VisualStudio\schematic_engine\processchematic.cpp(299,20): warning C4018: '<': signed/unsigned mismatch
C:\Berkan\VisualStudio\schematic_engine\processchematic.cpp(342,21): warning C4018: '<': signed/unsigned mismatch
C:\Berkan\VisualStudio\schematic_engine\processchematic.cpp(357,9): warning C4101: 'y': unreferenced local variable
C:\Berkan\VisualStudio\schematic_engine\processchematic.cpp(357,6): warning C4101: 'x': unreferenced local variable
  Generating code
  0 of 204 functions ( 0.0%) were compiled, the rest were copied from previous compilation.
    0 functions were new in current compilation
    0 functions had inline decision re-evaluated but remain unchanged
  Finished generating code
  schematic_engine.vcxproj -> C:\Berkan\VisualStudio\schematic_engine\Release\schematic_engine.exe
